TN:
SF:src\index.ts
FN:23,(anonymous_1)
FN:39,(anonymous_2)
FN:48,(anonymous_3)
FN:53,(anonymous_4)
FN:58,(anonymous_5)
FN:64,(anonymous_6)
FNF:6
FNH:0
FNDA:0,(anonymous_1)
FNDA:0,(anonymous_2)
FNDA:0,(anonymous_3)
FNDA:0,(anonymous_4)
FNDA:0,(anonymous_5)
FNDA:0,(anonymous_6)
DA:1,0
DA:2,0
DA:3,0
DA:4,0
DA:5,0
DA:6,0
DA:7,0
DA:8,0
DA:9,0
DA:10,0
DA:13,0
DA:16,0
DA:19,0
DA:20,0
DA:23,0
DA:24,0
DA:32,0
DA:33,0
DA:34,0
DA:35,0
DA:36,0
DA:39,0
DA:40,0
DA:44,0
DA:47,0
DA:48,0
DA:49,0
DA:53,0
DA:54,0
DA:55,0
DA:58,0
DA:59,0
DA:64,0
DA:65,0
DA:66,0
DA:67,0
LF:36
LH:0
BRDA:27,0,0,0
BRDA:27,0,1,0
BRDA:47,1,0,0
BRDA:47,1,1,0
BRDA:49,2,0,0
BRDA:49,2,1,0
BRF:6
BRH:0
end_of_record
TN:
SF:src\api\admin.ts
FN:21,(anonymous_1)
FN:42,(anonymous_2)
FN:61,(anonymous_3)
FN:71,(anonymous_4)
FN:81,(anonymous_5)
FN:91,(anonymous_6)
FNF:6
FNH:6
FNDA:7,(anonymous_1)
FNDA:4,(anonymous_2)
FNDA:1,(anonymous_3)
FNDA:1,(anonymous_4)
FNDA:1,(anonymous_5)
FNDA:1,(anonymous_6)
DA:1,2
DA:2,2
DA:3,2
DA:4,2
DA:5,2
DA:13,2
DA:16,2
DA:21,2
DA:22,7
DA:24,7
DA:25,7
DA:26,2
DA:30,5
DA:31,5
DA:32,1
DA:35,4
DA:37,3
DA:42,2
DA:44,4
DA:45,4
DA:54,4
DA:58,2
DA:61,2
DA:62,1
DA:64,1
DA:71,2
DA:72,1
DA:74,1
DA:81,2
DA:82,1
DA:84,1
DA:91,2
DA:92,1
DA:94,1
DA:100,2
LF:35
LH:35
BRDA:25,0,0,2
BRDA:31,1,0,1
BRDA:44,2,0,4
BRDA:44,2,1,0
BRDA:44,2,2,0
BRDA:86,3,0,0
BRDA:86,3,1,1
BRF:7
BRH:4
end_of_record
TN:
SF:src\api\alert.ts
FNF:0
FNH:0
DA:1,1
DA:2,1
DA:4,1
DA:10,1
DA:16,1
DA:18,1
LF:6
LH:6
BRF:0
BRH:0
end_of_record
TN:
SF:src\api\location.ts
FNF:0
FNH:0
DA:1,1
DA:4,1
DA:6,1
DA:21,1
DA:27,1
DA:29,1
LF:6
LH:6
BRF:0
BRH:0
end_of_record
TN:
SF:src\api\team.ts
FNF:0
FNH:0
DA:1,1
DA:2,1
DA:3,1
DA:5,1
DA:11,1
DA:17,1
DA:23,1
DA:29,1
DA:35,1
DA:41,1
DA:47,1
DA:53,1
DA:55,1
LF:13
LH:13
BRF:0
BRH:0
end_of_record
TN:
SF:src\api\user.ts
FNF:0
FNH:0
DA:1,1
DA:2,1
DA:4,1
DA:10,1
DA:12,1
LF:5
LH:5
BRF:0
BRH:0
end_of_record
TN:
SF:src\api\middlewares\authentication-middleware.ts
FN:17,(anonymous_1)
FN:37,(anonymous_2)
FNF:2
FNH:0
FNDA:0,(anonymous_1)
FNDA:0,(anonymous_2)
DA:2,1
DA:3,1
DA:4,1
DA:6,1
DA:17,1
DA:23,0
DA:25,0
DA:26,0
DA:29,0
DA:31,0
DA:32,0
DA:34,0
DA:37,1
DA:47,0
DA:48,0
DA:51,0
DA:53,0
DA:54,0
DA:59,0
DA:60,0
DA:61,0
DA:63,0
DA:64,0
DA:67,0
DA:68,0
DA:70,0
DA:71,0
DA:76,0
DA:78,0
DA:81,0
LF:30
LH:6
BRDA:23,0,0,0
BRDA:23,1,0,0
BRDA:23,1,1,0
BRDA:23,1,2,0
BRDA:31,2,0,0
BRDA:47,3,0,0
BRDA:47,4,0,0
BRDA:47,4,1,0
BRDA:47,4,2,0
BRDA:53,5,0,0
BRDA:63,6,0,0
BRDA:63,7,0,0
BRDA:63,7,1,0
BRDA:63,7,2,0
BRF:14
BRH:0
end_of_record
TN:
SF:src\api\middlewares\authorization-middleware.ts
FN:5,(anonymous_1)
FNF:1
FNH:0
FNDA:0,(anonymous_1)
DA:2,0
DA:3,0
DA:5,0
DA:6,0
DA:8,0
DA:9,0
DA:12,0
LF:7
LH:0
BRDA:8,0,0,0
BRF:1
BRH:0
end_of_record
TN:
SF:src\api\middlewares\cache.ts
FN:21,(anonymous_1)
FN:25,(anonymous_2)
FN:32,(anonymous_3)
FN:54,(anonymous_4)
FN:78,(anonymous_5)
FN:81,(anonymous_6)
FN:82,(anonymous_7)
FNF:7
FNH:1
FNDA:3,(anonymous_1)
FNDA:0,(anonymous_2)
FNDA:0,(anonymous_3)
FNDA:0,(anonymous_4)
FNDA:0,(anonymous_5)
FNDA:0,(anonymous_6)
FNDA:0,(anonymous_7)
DA:2,1
DA:6,1
DA:21,1
DA:27,0
DA:28,0
DA:30,3
DA:32,3
DA:34,0
DA:35,0
DA:39,0
DA:42,0
DA:43,0
DA:44,0
DA:45,0
DA:46,0
DA:50,0
DA:51,0
DA:54,0
DA:56,0
DA:57,0
DA:63,0
DA:67,0
DA:70,0
DA:78,1
DA:79,0
DA:80,0
DA:81,0
DA:82,0
DA:83,0
DA:85,0
DA:86,0
DA:91,1
DA:92,1
DA:93,1
LF:34
LH:9
BRDA:21,0,0,1
BRDA:23,1,0,1
BRDA:24,2,0,3
BRDA:25,3,0,3
BRDA:27,4,0,0
BRDA:27,4,1,0
BRDA:34,5,0,0
BRDA:43,6,0,0
BRDA:56,7,0,0
BRDA:56,8,0,0
BRDA:56,8,1,0
BRDA:79,9,0,0
BRDA:79,9,1,0
BRF:13
BRH:4
end_of_record
TN:
SF:src\api\middlewares\errorHandler.ts
FN:10,(anonymous_0)
FN:19,(anonymous_1)
FNF:2
FNH:2
FNDA:3,(anonymous_0)
FNDA:3,(anonymous_1)
DA:2,2
DA:3,2
DA:6,2
DA:11,3
DA:12,3
DA:13,3
DA:14,3
DA:19,2
DA:25,3
DA:28,3
DA:29,0
DA:30,0
DA:31,0
DA:35,3
DA:36,0
DA:44,3
DA:45,0
DA:46,0
DA:53,0
DA:54,0
DA:61,0
DA:69,3
DA:70,0
DA:78,3
DA:80,3
LF:25
LH:15
BRDA:28,0,0,0
BRDA:35,1,0,0
BRDA:44,2,0,0
BRDA:45,3,0,0
BRDA:53,4,0,0
BRDA:64,5,0,0
BRDA:64,5,1,0
BRDA:69,6,0,0
BRDA:78,7,0,3
BRDA:78,7,1,0
BRDA:82,8,0,3
BRDA:82,8,1,0
BRDA:83,9,0,0
BRDA:83,9,1,3
BRF:14
BRH:3
end_of_record
TN:
SF:src\api\middlewares\global-error-handling-middleware.ts
FN:3,(anonymous_0)
FNF:1
FNH:0
FNDA:0,(anonymous_0)
DA:3,0
DA:9,0
DA:10,0
DA:11,0
DA:12,0
DA:14,0
DA:15,0
DA:16,0
DA:18,0
DA:19,0
DA:20,0
DA:22,0
DA:23,0
DA:24,0
DA:26,0
DA:29,0
LF:16
LH:0
BRDA:10,0,0,0
BRDA:14,1,0,0
BRDA:18,2,0,0
BRDA:22,3,0,0
BRF:4
BRH:0
end_of_record
TN:
SF:src\api\middlewares\index.ts
FN:12,(anonymous_5)
FN:44,(anonymous_6)
FN:69,(anonymous_7)
FN:78,(anonymous_8)
FNF:4
FNH:3
FNDA:0,(anonymous_5)
FNDA:1,(anonymous_6)
FNDA:3,(anonymous_7)
FNDA:1,(anonymous_8)
DA:1,1
DA:2,1
DA:3,1
DA:4,1
DA:5,1
DA:6,1
DA:7,1
DA:10,1
DA:12,1
DA:13,0
DA:14,0
DA:15,0
DA:17,0
DA:19,0
DA:20,0
DA:22,0
DA:23,0
DA:27,0
DA:30,0
DA:34,0
DA:35,0
DA:37,0
DA:44,1
DA:46,1
DA:47,1
DA:50,1
DA:53,1
DA:56,1
DA:57,1
DA:60,1
DA:63,1
DA:69,1
DA:70,3
DA:78,1
DA:80,1
DA:84,1
DA:85,1
DA:86,1
DA:87,1
DA:88,1
DA:89,1
LF:41
LH:28
BRDA:17,0,0,0
BRDA:17,0,1,0
BRDA:19,1,0,0
BRDA:19,1,1,0
BRDA:22,2,0,0
BRF:5
BRH:0
end_of_record
TN:
SF:src\api\middlewares\logger.ts
FN:6,(anonymous_1)
FN:14,(anonymous_2)
FN:19,(anonymous_3)
FN:26,(anonymous_4)
FN:52,(anonymous_5)
FNF:5
FNH:0
FNDA:0,(anonymous_1)
FNDA:0,(anonymous_2)
FNDA:0,(anonymous_3)
FNDA:0,(anonymous_4)
FNDA:0,(anonymous_5)
DA:2,1
DA:3,1
DA:6,1
DA:7,0
DA:8,0
DA:9,0
DA:10,0
DA:14,1
DA:15,0
DA:19,1
DA:21,0
DA:22,0
DA:26,1
DA:27,0
DA:40,0
DA:44,1
DA:49,1
DA:52,1
DA:53,0
DA:54,0
DA:56,0
LF:21
LH:9
BRDA:22,0,0,0
BRDA:22,0,1,0
BRDA:31,1,0,0
BRDA:31,1,1,0
BRDA:32,2,0,0
BRDA:32,2,1,0
BRDA:53,3,0,0
BRDA:53,3,1,0
BRF:8
BRH:0
end_of_record
TN:
SF:src\api\middlewares\rateLimiter.ts
FN:19,(anonymous_1)
FN:25,(anonymous_2)
FN:31,(anonymous_3)
FNF:3
FNH:1
FNDA:3,(anonymous_1)
FNDA:0,(anonymous_2)
FNDA:0,(anonymous_3)
DA:2,1
DA:6,1
DA:19,1
DA:27,0
DA:29,3
DA:31,3
DA:32,0
DA:35,0
DA:38,0
DA:39,0
DA:42,0
DA:43,0
DA:51,0
DA:55,0
DA:56,0
DA:58,0
DA:59,0
DA:60,0
DA:63,0
DA:68,1
DA:73,1
DA:79,1
LF:22
LH:8
BRDA:21,0,0,0
BRDA:22,1,0,0
BRDA:23,2,0,1
BRDA:24,3,0,3
BRDA:25,4,0,3
BRDA:35,5,0,0
BRDA:35,5,1,0
BRDA:38,6,0,0
BRDA:38,6,1,0
BRDA:42,7,0,0
BRDA:59,8,0,0
BRF:11
BRH:3
end_of_record
TN:
SF:src\api\middlewares\security.ts
FN:6,(anonymous_0)
FN:62,(anonymous_1)
FNF:2
FNH:0
FNDA:0,(anonymous_0)
FNDA:0,(anonymous_1)
DA:6,1
DA:9,0
DA:16,0
DA:23,0
DA:27,0
DA:31,0
DA:35,0
DA:39,0
DA:46,0
DA:47,0
DA:49,0
DA:50,0
DA:51,0
DA:54,0
DA:61,1
DA:64,0
DA:67,0
DA:68,0
DA:69,0
DA:71,0
LF:20
LH:2
BRDA:46,0,0,0
BRDA:46,0,1,0
BRDA:64,1,0,0
BRDA:67,2,0,0
BRDA:67,2,1,0
BRDA:68,3,0,0
BRDA:68,3,1,0
BRDA:68,4,0,0
BRDA:68,4,1,0
BRF:9
BRH:0
end_of_record
TN:
SF:src\api\middlewares\validateRequest.ts
FN:10,(anonymous_0)
FN:14,(anonymous_1)
FNF:2
FNH:0
FNDA:0,(anonymous_0)
FNDA:0,(anonymous_1)
DA:2,1
DA:3,1
DA:10,1
DA:14,0
DA:15,0
DA:16,0
DA:18,0
DA:25,0
DA:26,0
DA:28,0
DA:30,0
DA:31,0
DA:33,0
LF:13
LH:3
BRDA:12,0,0,0
BRDA:16,1,0,0
BRDA:16,1,1,0
BRDA:30,2,0,0
BRDA:30,2,1,0
BRF:5
BRH:0
end_of_record
TN:
SF:src\api\schemas\alert.schema.ts
FNF:0
FNH:0
DA:1,0
DA:2,0
DA:5,0
DA:6,0
DA:7,0
DA:10,0
DA:18,0
DA:23,0
DA:30,0
DA:43,0
DA:50,0
LF:11
LH:0
BRF:0
BRH:0
end_of_record
TN:
SF:src\api\schemas\index.ts
FNF:0
FNH:0
DA:2,0
DA:3,0
DA:4,0
DA:5,0
LF:4
LH:0
BRF:0
BRH:0
end_of_record
TN:
SF:src\api\schemas\location.schema.ts
FN:48,(anonymous_0)
FNF:1
FNH:0
FNDA:0,(anonymous_0)
DA:1,0
DA:4,0
DA:5,0
DA:6,0
DA:7,0
DA:10,0
DA:18,0
DA:31,0
DA:42,0
DA:48,0
LF:10
LH:0
BRF:0
BRH:0
end_of_record
TN:
SF:src\api\schemas\team.schema.ts
FN:28,(anonymous_0)
FNF:1
FNH:0
FNDA:0,(anonymous_0)
DA:1,0
DA:4,0
DA:8,0
DA:10,0
DA:13,0
DA:19,0
DA:24,0
DA:28,0
DA:33,0
DA:40,0
DA:45,0
LF:11
LH:0
BRF:0
BRH:0
end_of_record
TN:
SF:src\api\schemas\user.schema.ts
FN:24,(anonymous_0)
FNF:1
FNH:0
FNDA:0,(anonymous_0)
DA:1,0
DA:4,0
DA:5,0
DA:8,0
DA:11,0
DA:18,0
DA:24,0
DA:29,0
DA:36,0
DA:46,0
LF:10
LH:0
BRF:0
BRH:0
end_of_record
TN:
SF:src\application\alert.ts
FN:5,(anonymous_1)
FN:19,(anonymous_2)
FNF:2
FNH:2
FNDA:2,(anonymous_1)
FNDA:3,(anonymous_2)
DA:2,2
DA:3,2
DA:5,2
DA:6,2
DA:7,2
DA:8,2
DA:13,1
DA:15,1
DA:19,2
DA:20,3
DA:21,3
DA:22,3
DA:26,2
DA:27,1
DA:30,1
DA:31,1
DA:33,2
LF:17
LH:17
BRDA:26,0,0,1
BRF:1
BRH:1
end_of_record
TN:
SF:src\application\location.ts
FN:16,(anonymous_1)
FN:56,(anonymous_2)
FNF:2
FNH:0
FNDA:0,(anonymous_1)
FNDA:0,(anonymous_2)
DA:2,1
DA:3,1
DA:4,1
DA:16,1
DA:18,0
DA:20,0
DA:22,0
DA:28,0
DA:29,0
DA:33,0
DA:38,0
DA:41,0
DA:43,0
DA:56,1
DA:58,0
DA:60,0
DA:62,0
DA:75,0
DA:77,0
LF:19
LH:5
BRDA:28,0,0,0
BRDA:28,1,0,0
BRDA:28,1,1,0
BRF:3
BRH:0
end_of_record
TN:
SF:src\application\performance.ts
FN:8,(anonymous_0)
FN:15,(anonymous_1)
FN:24,(anonymous_2)
FN:32,(anonymous_3)
FN:54,(anonymous_4)
FNF:5
FNH:0
FNDA:0,(anonymous_0)
FNDA:0,(anonymous_1)
FNDA:0,(anonymous_2)
FNDA:0,(anonymous_3)
FNDA:0,(anonymous_4)
DA:1,1
DA:2,1
DA:8,1
DA:9,0
DA:15,1
DA:16,0
DA:24,1
DA:25,0
DA:32,1
DA:33,0
DA:34,0
DA:36,0
DA:54,1
DA:55,0
LF:14
LH:7
BRF:0
BRH:0
end_of_record
TN:
SF:src\application\team.ts
FN:7,(anonymous_1)
FN:20,(anonymous_2)
FN:46,(anonymous_3)
FN:75,(anonymous_4)
FN:120,(anonymous_5)
FN:179,(anonymous_6)
FN:229,(anonymous_7)
FN:272,(anonymous_8)
FNF:8
FNH:7
FNDA:2,(anonymous_1)
FNDA:2,(anonymous_2)
FNDA:2,(anonymous_3)
FNDA:2,(anonymous_4)
FNDA:2,(anonymous_5)
FNDA:2,(anonymous_6)
FNDA:5,(anonymous_7)
FNDA:0,(anonymous_8)
DA:2,2
DA:3,2
DA:4,2
DA:5,2
DA:7,2
DA:12,2
DA:13,2
DA:14,1
DA:16,1
DA:20,2
DA:25,2
DA:26,2
DA:27,2
DA:36,2
DA:37,1
DA:40,1
DA:42,1
DA:46,2
DA:51,2
DA:53,2
DA:54,2
DA:55,1
DA:60,1
DA:69,1
DA:71,1
DA:75,2
DA:80,2
DA:81,2
DA:83,2
DA:84,2
DA:85,0
DA:89,2
DA:93,2
DA:94,0
DA:97,2
DA:98,2
DA:99,0
DA:103,2
DA:104,1
DA:107,1
DA:108,1
DA:109,0
DA:112,1
DA:114,1
DA:116,1
DA:120,2
DA:125,2
DA:126,2
DA:128,2
DA:129,2
DA:130,0
DA:134,2
DA:141,2
DA:142,0
DA:146,2
DA:153,2
DA:154,0
DA:157,2
DA:158,1
DA:161,1
DA:164,1
DA:165,0
DA:168,1
DA:173,1
DA:175,1
DA:179,2
DA:184,2
DA:186,2
DA:187,2
DA:188,0
DA:192,2
DA:204,2
DA:205,0
DA:208,2
DA:209,0
DA:213,2
DA:214,1
DA:218,1
DA:223,1
DA:225,1
DA:229,2
DA:234,5
DA:235,5
DA:237,5
DA:238,5
DA:239,1
DA:243,4
DA:250,4
DA:251,1
DA:254,3
DA:255,3
DA:256,1
DA:260,2
DA:261,1
DA:264,1
DA:266,1
DA:268,4
DA:272,2
DA:277,0
DA:278,0
DA:280,0
DA:281,0
DA:282,0
DA:286,0
DA:293,0
DA:294,0
DA:297,0
DA:298,0
DA:299,0
DA:303,0
DA:304,0
DA:307,0
DA:309,0
DA:311,0
LF:114
LH:87
BRDA:36,0,0,1
BRDA:54,1,0,1
BRDA:54,2,0,2
BRDA:54,2,1,2
BRDA:54,2,2,1
BRDA:54,2,3,1
BRDA:84,3,0,0
BRDA:93,4,0,0
BRDA:98,5,0,0
BRDA:103,6,0,1
BRDA:108,7,0,0
BRDA:129,8,0,0
BRDA:141,9,0,0
BRDA:153,10,0,0
BRDA:157,11,0,1
BRDA:164,12,0,0
BRDA:187,13,0,0
BRDA:204,14,0,0
BRDA:208,15,0,0
BRDA:213,16,0,1
BRDA:238,17,0,1
BRDA:250,18,0,1
BRDA:255,19,0,1
BRDA:260,20,0,1
BRDA:281,21,0,0
BRDA:293,22,0,0
BRDA:298,23,0,0
BRDA:303,24,0,0
BRF:28
BRH:13
end_of_record
TN:
SF:src\application\tracking.ts
FN:3,(anonymous_1)
FN:5,(anonymous_2)
FN:13,(anonymous_3)
FNF:3
FNH:2
FNDA:4,(anonymous_1)
FNDA:16,(anonymous_2)
FNDA:0,(anonymous_3)
DA:1,2
DA:3,2
DA:4,4
DA:5,16
DA:7,4
DA:8,4
DA:9,4
DA:10,4
DA:13,2
DA:14,0
DA:19,0
DA:21,0
DA:22,0
DA:23,0
DA:35,0
DA:38,0
LF:16
LH:9
BRDA:19,0,0,0
BRDA:22,1,0,0
BRF:2
BRH:0
end_of_record
TN:
SF:src\application\user.ts
FN:6,(anonymous_1)
FN:45,getTeamIdFromCode
FNF:2
FNH:2
FNDA:4,(anonymous_1)
FNDA:2,getTeamIdFromCode
DA:2,2
DA:3,2
DA:4,2
DA:6,2
DA:11,4
DA:12,4
DA:13,4
DA:15,4
DA:22,1
DA:25,3
DA:26,3
DA:27,3
DA:28,3
DA:29,2
DA:38,2
DA:40,2
DA:45,2
DA:46,2
DA:51,2
LF:19
LH:19
BRDA:15,0,0,1
BRDA:28,1,0,2
BRDA:51,2,0,2
BRDA:51,2,1,1
BRF:4
BRH:4
end_of_record
TN:
SF:src\domain\errors\forbidden-error.ts
FN:2,(anonymous_0)
FNF:1
FNH:0
FNDA:0,(anonymous_0)
DA:3,0
DA:4,0
DA:8,0
LF:3
LH:0
BRF:0
BRH:0
end_of_record
TN:
SF:src\domain\errors\not-found-error.ts
FN:2,(anonymous_0)
FNF:1
FNH:1
FNDA:4,(anonymous_0)
DA:3,4
DA:4,4
DA:8,3
LF:3
LH:3
BRF:0
BRH:0
end_of_record
TN:
SF:src\domain\errors\unauthorized-error.ts
FN:2,(anonymous_0)
FNF:1
FNH:1
FNDA:1,(anonymous_0)
DA:3,1
DA:4,1
DA:8,2
LF:3
LH:3
BRF:0
BRH:0
end_of_record
TN:
SF:src\domain\errors\validation-error.ts
FN:2,(anonymous_0)
FNF:1
FNH:1
FNDA:6,(anonymous_0)
DA:3,6
DA:4,6
DA:8,2
LF:3
LH:3
BRF:0
BRH:0
end_of_record
TN:
SF:src\infrastructure\db.ts
FN:5,(anonymous_0)
FNF:1
FNH:0
FNDA:0,(anonymous_0)
DA:1,2
DA:3,2
DA:5,2
DA:6,0
DA:7,0
DA:8,0
DA:11,2
LF:7
LH:4
BRF:0
BRH:0
end_of_record
TN:
SF:src\infrastructure\monitoring.ts
FN:25,(anonymous_1)
FN:39,(anonymous_2)
FN:63,(anonymous_3)
FN:74,(anonymous_4)
FN:79,(anonymous_5)
FN:104,(anonymous_6)
FN:108,(anonymous_7)
FN:121,(anonymous_8)
FN:128,(anonymous_9)
FN:135,(anonymous_10)
FN:139,(anonymous_11)
FN:150,(anonymous_12)
FN:155,(anonymous_13)
FN:158,(anonymous_14)
FN:167,(anonymous_15)
FN:168,(anonymous_16)
FNF:16
FNH:0
FNDA:0,(anonymous_1)
FNDA:0,(anonymous_2)
FNDA:0,(anonymous_3)
FNDA:0,(anonymous_4)
FNDA:0,(anonymous_5)
FNDA:0,(anonymous_6)
FNDA:0,(anonymous_7)
FNDA:0,(anonymous_8)
FNDA:0,(anonymous_9)
FNDA:0,(anonymous_10)
FNDA:0,(anonymous_11)
FNDA:0,(anonymous_12)
FNDA:0,(anonymous_13)
FNDA:0,(anonymous_14)
FNDA:0,(anonymous_15)
FNDA:0,(anonymous_16)
DA:1,1
DA:6,1
DA:25,1
DA:39,1
DA:44,0
DA:46,0
DA:47,0
DA:49,0
DA:53,0
DA:54,0
DA:56,0
DA:59,0
DA:60,0
DA:63,0
DA:64,0
DA:66,0
DA:68,0
DA:74,1
DA:75,0
DA:76,0
DA:79,0
DA:80,0
DA:81,0
DA:84,0
DA:87,0
DA:90,0
DA:93,0
DA:94,0
DA:98,0
DA:104,1
DA:105,0
DA:106,0
DA:108,0
DA:109,0
DA:110,0
DA:111,0
DA:115,0
DA:121,1
DA:122,0
DA:128,1
DA:129,0
DA:135,1
DA:136,0
DA:139,0
DA:142,0
DA:144,0
DA:150,1
DA:151,0
DA:152,0
DA:155,0
DA:158,0
DA:167,0
DA:168,0
DA:169,0
DA:171,0
LF:55
LH:10
BRDA:46,0,0,0
BRDA:46,0,1,0
BRDA:53,1,0,0
BRDA:81,2,0,0
BRDA:81,2,1,0
BRDA:84,3,0,0
BRDA:84,3,1,0
BRDA:93,4,0,0
BRDA:110,5,0,0
BRDA:122,6,0,0
BRDA:122,6,1,0
BRDA:136,7,0,0
BRDA:169,8,0,0
BRDA:169,8,1,0
BRF:14
BRH:0
end_of_record
TN:
SF:src\infrastructure\server.ts
FN:14,createServer
FN:25,(anonymous_2)
FN:87,(anonymous_3)
FNF:3
FNH:2
FNDA:1,createServer
FNDA:1,(anonymous_2)
FNDA:0,(anonymous_3)
DA:1,1
DA:2,1
DA:3,1
DA:4,1
DA:5,1
DA:6,1
DA:7,1
DA:8,1
DA:9,1
DA:10,1
DA:11,1
DA:12,1
DA:14,1
DA:16,1
DA:19,1
DA:22,1
DA:25,1
DA:26,1
DA:27,1
DA:28,1
DA:31,1
DA:33,1
DA:34,1
DA:36,0
DA:39,1
DA:61,1
DA:62,0
DA:65,1
DA:70,1
DA:71,1
DA:73,0
DA:77,1
DA:80,1
DA:81,1
DA:82,1
DA:83,1
DA:84,1
DA:87,1
DA:88,0
DA:92,1
DA:94,1
LF:41
LH:37
BRDA:34,0,0,0
BRDA:43,1,0,1
BRDA:43,1,1,0
BRDA:44,2,0,1
BRDA:44,2,1,0
BRDA:61,3,0,0
BRDA:70,4,0,1
BRDA:70,4,1,0
BRDA:70,5,0,1
BRDA:70,5,1,1
BRDA:70,5,2,1
BRF:11
BRH:6
end_of_record
TN:
SF:src\infrastructure\database\prisma.ts
FN:5,(anonymous_0)
FNF:1
FNH:0
FNDA:0,(anonymous_0)
DA:1,1
DA:3,1
DA:5,1
DA:6,0
DA:7,0
DA:8,0
DA:11,1
LF:7
LH:4
BRF:0
BRH:0
end_of_record
TN:
SF:src\infrastructure\utils\formatting.ts
FN:11,formatBytes
FN:29,formatDate
FN:50,formatDuration
FNF:3
FNH:1
FNDA:8,formatBytes
FNDA:0,formatDate
FNDA:0,formatDuration
DA:11,1
DA:12,8
DA:14,7
DA:15,7
DA:16,7
DA:18,7
DA:20,7
DA:29,1
DA:30,0
DA:36,0
DA:37,0
DA:38,0
DA:39,0
DA:42,0
DA:50,1
DA:51,0
DA:53,0
DA:54,0
DA:55,0
DA:56,0
DA:58,0
DA:60,0
DA:61,0
DA:62,0
DA:63,0
DA:65,0
LF:26
LH:9
BRDA:11,0,0,5
BRDA:12,1,0,1
BRDA:15,2,0,0
BRDA:15,2,1,7
BRDA:29,3,0,0
BRDA:36,4,0,0
BRDA:51,5,0,0
BRDA:60,6,0,0
BRDA:61,7,0,0
BRDA:61,8,0,0
BRDA:61,8,1,0
BRDA:62,9,0,0
BRDA:62,10,0,0
BRDA:62,10,1,0
BRDA:62,10,2,0
BRF:15
BRH:3
end_of_record
TN:
SF:src\infrastructure\utils\index.ts
FN:14,safeParseJSON
FN:27,isValidNumber
FN:45,delay
FN:46,(anonymous_7)
FN:53,generateId
FNF:5
FNH:0
FNDA:0,safeParseJSON
FNDA:0,isValidNumber
FNDA:0,delay
FNDA:0,(anonymous_7)
FNDA:0,generateId
DA:5,0
DA:6,0
DA:14,0
DA:15,0
DA:16,0
DA:18,0
DA:27,0
DA:28,0
DA:29,0
DA:32,0
DA:33,0
DA:34,0
DA:37,0
DA:45,0
DA:46,0
DA:53,0
DA:54,0
LF:17
LH:0
BRDA:28,0,0,0
BRDA:29,1,0,0
BRDA:29,1,1,0
BRDA:32,2,0,0
BRDA:34,3,0,0
BRDA:34,3,1,0
BRF:6
BRH:0
end_of_record
TN:
SF:src\infrastructure\utils\strings.ts
FN:10,getRandomString
FN:27,truncate
FN:39,slugify
FN:55,toTitleCase
FN:61,(anonymous_4)
FNF:5
FNH:1
FNDA:6,getRandomString
FNDA:0,truncate
FNDA:0,slugify
FNDA:0,toTitleCase
FNDA:0,(anonymous_4)
DA:10,1
DA:11,6
DA:12,6
DA:14,6
DA:15,170
DA:18,6
DA:27,1
DA:28,0
DA:29,0
DA:31,0
DA:39,1
DA:40,0
DA:42,0
DA:55,1
DA:56,0
DA:58,0
DA:61,0
LF:17
LH:9
BRDA:28,0,0,0
BRDA:29,1,0,0
BRDA:40,2,0,0
BRDA:56,3,0,0
BRF:4
BRH:0
end_of_record
